生成启动时间为 2019/1/25 14:11:22。
     1>项目“C:\Users\Administrator\documents\visual studio 2013\Projects\txtV2\txtV2\txtV2.vcxproj”在节点 2 上(Build 个目标)。
     1>ClCompile:
         C:\Program Files (x86)\Microsoft Visual Studio 12.0\VC\bin\CL.exe /c /ZI /nologo /W3 /WX- /Od /Oy- /D WIN32 /D _DEBUG /D _WINDOWS /D _UNICODE /D UNICODE /Gm /EHsc /RTC1 /MDd /GS /fp:precise /Zc:wchar_t /Zc:forScope /Yu"stdafx.h" /Fp"Debug\txtV2.pch" /Fo"Debug\\" /Fd"Debug\vc120.pdb" /Gd /TP /analyze- /errorReport:prompt Mytxt.cpp
         Mytxt.cpp
     1>c:\users\administrator\documents\visual studio 2013\projects\txtv2\txtv2\mytxt.cpp(258): warning C4018: “<”: 有符号/无符号不匹配
     1>c:\users\administrator\documents\visual studio 2013\projects\txtv2\txtv2\mytxt.cpp(260): warning C4018: “<”: 有符号/无符号不匹配
     1>c:\users\administrator\documents\visual studio 2013\projects\txtv2\txtv2\mytxt.cpp(270): warning C4018: “>”: 有符号/无符号不匹配
     1>c:\users\administrator\documents\visual studio 2013\projects\txtv2\txtv2\mytxt.cpp(272): warning C4018: “>”: 有符号/无符号不匹配
     1>c:\users\administrator\documents\visual studio 2013\projects\txtv2\txtv2\mytxt.cpp(284): warning C4018: “<”: 有符号/无符号不匹配
     1>c:\users\administrator\documents\visual studio 2013\projects\txtv2\txtv2\mytxt.cpp(254): warning C4101: “psizl”: 未引用的局部变量
     1>c:\users\administrator\documents\visual studio 2013\projects\txtv2\txtv2\mytxt.cpp(636): warning C4996: 'strcat': This function or variable may be unsafe. Consider using strcat_s instead. To disable deprecation, use _CRT_SECURE_NO_WARNINGS. See online help for details.
                 c:\program files (x86)\microsoft visual studio 12.0\vc\include\string.h(118) : 参见“strcat”的声明
     1>c:\users\administrator\documents\visual studio 2013\projects\txtv2\txtv2\mytxt.cpp(706): warning C4018: “<”: 有符号/无符号不匹配
       Link:
         C:\Program Files (x86)\Microsoft Visual Studio 12.0\VC\bin\link.exe /ERRORREPORT:PROMPT /OUT:"C:\Users\Administrator\documents\visual studio 2013\Projects\txtV2\Debug\txtV2.exe" /INCREMENTAL /NOLOGO kernel32.lib user32.lib gdi32.lib winspool.lib comdlg32.lib advapi32.lib shell32.lib ole32.lib oleaut32.lib uuid.lib odbc32.lib odbccp32.lib /MANIFEST /MANIFESTUAC:"level='asInvoker' uiAccess='false'" /manifest:embed /DEBUG /PDB:"C:\Users\Administrator\documents\visual studio 2013\Projects\txtV2\Debug\txtV2.pdb" /SUBSYSTEM:WINDOWS /TLBID:1 /DYNAMICBASE /NXCOMPAT /IMPLIB:"C:\Users\Administrator\documents\visual studio 2013\Projects\txtV2\Debug\txtV2.lib" /MACHINE:X86 Debug\txtV2.res
         Debug\Mytxt.obj
         Debug\stdafx.obj
         Debug\txtV2.obj
         txtV2.vcxproj -> C:\Users\Administrator\documents\visual studio 2013\Projects\txtV2\Debug\txtV2.exe
     1>已完成生成项目“C:\Users\Administrator\documents\visual studio 2013\Projects\txtV2\txtV2\txtV2.vcxproj”(Build 个目标)的操作。

生成成功。

已用时间 00:00:00.56
